<?xml version="1.0" encoding="UTF-8"?>
<!-- Generated by org.testng.reporters.JUnitReportReporter -->
<testsuite name="org.pcn.mockito.TestMockito" tests="1" failures="0" timestamp="5 Aug 2015 22:51:40 GMT" time="0.172" errors="0">
  <testcase name="MockitoTest" time="0.172" classname="org.pcn.mockito.TestMockito"/>
</testsuite> <!-- org.pcn.mockito.TestMockito -->
